#
# A fatal error has been detected by the Java Runtime Environment:
#
#  SIGSEGV (0xb) at pc=0x00007f35fa832ba0, pid=13559, tid=13564
#
# JRE version: OpenJDK Runtime Environment (21.0.3) (build 21.0.3+-12282718-b509.11)
# Java VM: OpenJDK 64-Bit Server VM (21.0.3+-12282718-b509.11, mixed mode, tiered, compressed oops, compressed class ptrs, g1 gc, linux-amd64)
# Problematic frame:
# V  [libjvm.so+0x832ba0]  ClassLoaderData::oops_do(OopClosure*, int, bool)+0x20
#
# Core dump will be written. Default location: Core dumps may be processed with "/usr/lib/systemd/systemd-coredump %P %u %g %s %t %c %h" (or dumping to /home/rohit/AndroidStudioProjects/TaskManager/core.13559)
#
# If you would like to submit a bug report, please visit:
#   https://youtrack.jetbrains.com/issues/JBR
#

---------------  S U M M A R Y ------------

Command Line: -Dawt.toolkit.name=XToolkit org.jetbrains.kotlin.cli.jvm.K2JVMCompiler @/home/rohit/AndroidStudioProjects/TaskManager/app/build/20250314_571827514689526179.compiler.options

Host: Intel(R) Core(TM) i3-6006U CPU @ 2.00GHz, 4 cores, 7G, Fedora release 41 (Forty One)
Time: Fri Mar 14 09:35:59 2025 IST elapsed time: 7.254814 seconds (0d 0h 0m 7s)

---------------  T H R E A D  ---------------

Current thread (0x00007f35f4090e50):  WorkerThread "G1 Conc#0"      [id=13564, stack(0x00007f35f8d0d000,0x00007f35f8e0d000) (1024K)]

Stack: [0x00007f35f8d0d000,0x00007f35f8e0d000],  sp=0x00007f35f8e09bf0,  free space=1010k
Native frames: (J=compiled Java code, j=interpreted, Vv=VM code, C=native code)
V  [libjvm.so+0x832ba0]  ClassLoaderData::oops_do(OopClosure*, int, bool)+0x20
V  [libjvm.so+0x96e46f]  void OopOopIterateDispatch<G1CMOopClosure>::Table::oop_oop_iterate<InstanceRefKlass, narrowOop>(G1CMOopClosure*, oopDesc*, Klass*)+0x2f
V  [libjvm.so+0x98a859]  G1CMTask::drain_local_queue(bool)+0x2d9
V  [libjvm.so+0x98a46f]  G1CMBitMapClosure::do_addr(HeapWordImpl**)+0x24f
V  [libjvm.so+0x9908dd]  G1CMTask::do_marking_step(double, bool, bool)+0x39d
V  [libjvm.so+0x992d54]  G1CMConcurrentMarkingTask::work(unsigned int)+0xc4
V  [libjvm.so+0x10b99d4]  WorkerThread::run()+0x84
V  [libjvm.so+0x1002f3b]  Thread::call_run()+0xab
V  [libjvm.so+0xe50899]  thread_native_entry(Thread*)+0x119
C  [libc.so.6+0x71168]  start_thread+0x3b8

siginfo: si_signo: 11 (SIGSEGV), si_code: 1 (SEGV_MAPERR), si_addr: 0x0000000000000028

Registers:
RAX=0x0000000000000001, RBX=0x00007f35f8e0bce8, RCX=0x0000000000000000, RDX=0x0000000000000003
RSP=0x00007f35f8e09bf0, RBP=0x00007f35f8e09c10, RSI=0x00007f35f8e0bce8, RDI=0x0000000000000000
R8 =0x0000000000000028, R9 =0x00007f35fb19d140, R10=0x00007f35f407fee0, R11=0x0000000000000202
R12=0x0000000100047b08, R13=0x0000000000000040, R14=0x0000000100047b08, R15=0x0000000085ead280
RIP=0x00007f35fa832ba0, EFLAGS=0x0000000000010206, CSGSFS=0x002b000000000033, ERR=0x0000000000000004
  TRAPNO=0x000000000000000e


Register to memory mapping:

RAX=0x0000000000000001 is an unknown value
RBX=0x00007f35f8e0bce8 points into unknown readable memory: 0x00007f35fb17e778 | 78 e7 17 fb 35 7f 00 00
RCX=0x0 is null
RDX=0x0000000000000003 is an unknown value
RSP=0x00007f35f8e09bf0 points into unknown readable memory: 0x00007f35f8e0bce8 | e8 bc e0 f8 35 7f 00 00
RBP=0x00007f35f8e09c10 points into unknown readable memory: 0x00007f35f8e09c60 | 60 9c e0 f8 35 7f 00 00
RSI=0x00007f35f8e0bce8 points into unknown readable memory: 0x00007f35fb17e778 | 78 e7 17 fb 35 7f 00 00
RDI=0x0 is null
R8 =0x0000000000000028 is an unknown value
R9 =0x00007f35fb19d140: <offset 0x000000000119d140> in /home/rohit/Android/android-studio/jbr/lib/server/libjvm.so at 0x00007f35fa000000
R10=0x00007f35f407fee0 points into unknown readable memory: 0x00007f35fb17ea18 | 18 ea 17 fb 35 7f 00 00
R11=0x0000000000000202 is an unknown value
R12=0x0000000100047b08 is pointing into metadata
R13=0x0000000000000040 is an unknown value
R14=0x0000000100047b08 is pointing into metadata
R15=0x0000000085ead280 points into unknown readable memory: 0x0000000000000009 | 09 00 00 00 00 00 00 00

Top of Stack: (sp=0x00007f35f8e09bf0)
0x00007f35f8e09bf0:   00007f35f8e0bce8 0000000100047b08
0x00007f35f8e09c00:   0000000100047b08 0000000085ead280
0x00007f35f8e09c10:   00007f35f8e09c60 00007f35fa96e46f
0x00007f35f8e09c20:   00007f35f8e09c60 0000000085ead280
0x00007f35f8e09c30:   0000000085eacc48 00007f35f4092040
0x00007f35f8e09c40:   0000000100047b08 0000000000000040
0x00007f35f8e09c50:   0000000000008f02 0000000085ead280
0x00007f35f8e09c60:   00007f35f8e09ca0 00007f35fa98a859
0x00007f35f8e09c70:   00007f35f4092048 00007f35f8e0bd10
0x00007f35f8e09c80:   0000000000028d2a 00007f35f4092040
0x00007f35f8e09c90:   00000001002762e0 00007f35f8e0bce8
0x00007f35f8e09ca0:   00007f35f8e09ce0 00007f35fa98a46f
0x00007f35f8e09cb0:   0000000000000000 00007f35f4092040
0x00007f35f8e09cc0:   00007f35fb1cfa08 00007f35fb1cf9f8
0x00007f35f8e09cd0:   000000000f4bef4b 00000000ffdf7a58
0x00007f35f8e09ce0:   00007f35f8e0bd90 00007f35fa9908dd
0x00007f35f8e09cf0:   0000000000000000 0000000000000000
0x00007f35f8e09d00:   0000000000000000 0000000000000000
0x00007f35f8e09d10:   0000000000000000 0000000000000000
0x00007f35f8e09d20:   0000000000000000 0000000000000000
0x00007f35f8e09d30:   0000000000000000 0000000000000000
0x00007f35f8e09d40:   0000000000000000 0000000000000000
0x00007f35f8e09d50:   0000000000000000 0000000000000000
0x00007f35f8e09d60:   0000000000000000 0000000000000000
0x00007f35f8e09d70:   0000000000000000 0000000000000000
0x00007f35f8e09d80:   0000000000000000 0000000000000000
0x00007f35f8e09d90:   0000000000000000 0000000000000000
0x00007f35f8e09da0:   0000000000000000 0000000000000000
0x00007f35f8e09db0:   0000000000000000 0000000000000000
0x00007f35f8e09dc0:   0000000000000000 0000000000000000
0x00007f35f8e09dd0:   0000000000000000 0000000000000000
0x00007f35f8e09de0:   0000000000000000 0000000000000000 

Instructions: (pc=0x00007f35fa832ba0)
0x00007f35fa832aa0:   89 c8 f0 44 0f b1 07 39 c8 75 e5 39 f2 0f 95 c0
0x00007f35fa832ab0:   5d c3 66 66 66 66 66 2e 0f 1f 84 00 00 00 00 00
0x00007f35fa832ac0:   55 48 89 e5 41 57 41 56 41 54 53 48 83 ec 10 48
0x00007f35fa832ad0:   8d 05 6a e4 92 00 48 89 45 d8 4c 8b 7f 30 4d 85
0x00007f35fa832ae0:   ff 0f 84 80 00 00 00 45 8b a7 00 01 00 00 4d 85
0x00007f35fa832af0:   e4 74 22 48 8d 5d d8 4d 89 fe 66 0f 1f 44 00 00
0x00007f35fa832b00:   48 8b 45 d8 48 89 df 4c 89 f6 ff 10 49 83 c6 08
0x00007f35fa832b10:   49 ff cc 75 eb 4d 8b bf 08 01 00 00 4d 85 ff 74
0x00007f35fa832b20:   46 48 8d 5d d8 eb 15 66 0f 1f 84 00 00 00 00 00
0x00007f35fa832b30:   4d 8b bf 08 01 00 00 4d 85 ff 74 2b 45 8b a7 00
0x00007f35fa832b40:   01 00 00 4d 85 e4 74 e8 4d 89 fe 0f 1f 44 00 00
0x00007f35fa832b50:   48 8b 45 d8 48 89 df 4c 89 f6 ff 10 49 83 c6 08
0x00007f35fa832b60:   49 ff cc 75 eb eb c9 48 83 c4 10 5b 41 5c 41 5e
0x00007f35fa832b70:   41 5f 5d c3 66 66 66 2e 0f 1f 84 00 00 00 00 00
0x00007f35fa832b80:   55 48 89 e5 41 57 41 56 41 54 53 48 89 f3 85 d2
0x00007f35fa832b90:   74 2e 4c 8d 47 28 66 2e 0f 1f 84 00 00 00 00 00
0x00007f35fa832ba0:   41 8b 30 89 f0 f7 d0 85 c2 0f 84 81 00 00 00 41
0x00007f35fa832bb0:   89 f1 41 09 d1 89 f0 f0 45 0f b1 08 39 f0 75 e0
0x00007f35fa832bc0:   84 c9 74 04 c6 47 22 00 4c 8b 7f 30 4d 85 ff 74
0x00007f35fa832bd0:   5f 45 8b a7 00 01 00 00 4d 85 e4 74 47 4d 89 fe
0x00007f35fa832be0:   48 8b 03 48 89 df 4c 89 f6 ff 10 49 83 c6 08 49
0x00007f35fa832bf0:   ff cc 75 ec eb 2e 66 2e 0f 1f 84 00 00 00 00 00
0x00007f35fa832c00:   45 8b a7 00 01 00 00 4d 85 e4 74 18 4d 89 fe 90
0x00007f35fa832c10:   48 8b 03 48 89 df 4c 89 f6 ff 10 49 83 c6 08 49
0x00007f35fa832c20:   ff cc 75 ec 4d 8b bf 08 01 00 00 4d 85 ff 75 d0
0x00007f35fa832c30:   5b 41 5c 41 5e 41 5f 5d c3 0f 1f 80 00 00 00 00
0x00007f35fa832c40:   55 48 89 e5 80 7f 21 00 74 03 ff 47 24 5d c3 90
0x00007f35fa832c50:   80 7f 21 00 0f 84 d7 00 00 00 8b 47 24 83 f8 01
0x00007f35fa832c60:   0f 85 c6 00 00 00 55 48 89 e5 41 57 41 56 41 55
0x00007f35fa832c70:   41 54 53 50 48 8d 05 c5 e2 92 00 48 89 45 d0 49
0x00007f35fa832c80:   89 ff 4c 8b 67 30 4d 85 e4 0f 84 88 00 00 00 45
0x00007f35fa832c90:   8b ac 24 00 01 00 00 4d 85 ed 74 29 48 8d 5d d0 


Stack slot to memory mapping:

stack at sp + 0 slots: 0x00007f35f8e0bce8 points into unknown readable memory: 0x00007f35fb17e778 | 78 e7 17 fb 35 7f 00 00
stack at sp + 1 slots: 0x0000000100047b08 is pointing into metadata
stack at sp + 2 slots: 0x0000000100047b08 is pointing into metadata
stack at sp + 3 slots: 0x0000000085ead280 points into unknown readable memory: 0x0000000000000009 | 09 00 00 00 00 00 00 00
stack at sp + 4 slots: 0x00007f35f8e09c60 points into unknown readable memory: 0x00007f35f8e09ca0 | a0 9c e0 f8 35 7f 00 00
stack at sp + 5 slots: 0x00007f35fa96e46f: <offset 0x000000000096e46f> in /home/rohit/Android/android-studio/jbr/lib/server/libjvm.so at 0x00007f35fa000000
stack at sp + 6 slots: 0x00007f35f8e09c60 points into unknown readable memory: 0x00007f35f8e09ca0 | a0 9c e0 f8 35 7f 00 00
stack at sp + 7 slots: 0x0000000085ead280 points into unknown readable memory: 0x0000000000000009 | 09 00 00 00 00 00 00 00


---------------  P R O C E S S  ---------------

Threads class SMR info:
_java_thread_list=0x00007f35941a4ab0, length=11, elements={
0x00007f35f4027ff0, 0x00007f35f41f9960, 0x00007f35f41fa9b0, 0x00007f35f41fc5c0,
0x00007f35f41fdb30, 0x00007f35f420f0f0, 0x00007f35f4210bb0, 0x00007f35f42121e0,
0x00007f35f4283f50, 0x00007f35f42893b0, 0x00007f35941a4010
}

Java Threads: ( => current thread )
  0x00007f35f4027ff0 JavaThread "main"                              [_thread_blocked, id=13561, stack(0x00007f35f9e1a000,0x00007f35f9f1a000) (1024K)]
  0x00007f35f41f9960 JavaThread "Reference Handler"          daemon [_thread_blocked, id=13569, stack(0x00007f35f81ad000,0x00007f35f82ad000) (1024K)]
  0x00007f35f41fa9b0 JavaThread "Finalizer"                  daemon [_thread_blocked, id=13570, stack(0x00007f35f80ad000,0x00007f35f81ad000) (1024K)]
  0x00007f35f41fc5c0 JavaThread "Signal Dispatcher"          daemon [_thread_blocked, id=13571, stack(0x00007f35dfe60000,0x00007f35dff60000) (1024K)]
  0x00007f35f41fdb30 JavaThread "Service Thread"             daemon [_thread_blocked, id=13572, stack(0x00007f35ddd00000,0x00007f35dde00000) (1024K)]
  0x00007f35f420f0f0 JavaThread "Monitor Deflation Thread"   daemon [_thread_blocked, id=13573, stack(0x00007f35ddc00000,0x00007f35ddd00000) (1024K)]
  0x00007f35f4210bb0 JavaThread "C2 CompilerThread0"         daemon [_thread_blocked, id=13574, stack(0x00007f35ddb00000,0x00007f35ddc00000) (1024K)]
  0x00007f35f42121e0 JavaThread "C1 CompilerThread0"         daemon [_thread_blocked, id=13575, stack(0x00007f35dda00000,0x00007f35ddb00000) (1024K)]
  0x00007f35f4283f50 JavaThread "Notification Thread"        daemon [_thread_blocked, id=13576, stack(0x00007f35dd900000,0x00007f35dda00000) (1024K)]
  0x00007f35f42893b0 JavaThread "Common-Cleaner"             daemon [_thread_blocked, id=13577, stack(0x00007f35dd800000,0x00007f35dd900000) (1024K)]
  0x00007f35941a4010 JavaThread "C2 CompilerThread1"         daemon [_thread_blocked, id=13588, stack(0x00007f35dd700000,0x00007f35dd800000) (1024K)]
Total: 11

Other Threads:
  0x00007f35f4128950 VMThread "VM Thread"                           [id=13568, stack(0x00007f35f82ae000,0x00007f35f83ae000) (1024K)]
  0x00007f35f411b890 WatcherThread "VM Periodic Task Thread"        [id=13567, stack(0x00007f35f83cf000,0x00007f35f84cf000) (1024K)]
  0x00007f35f407f3c0 WorkerThread "GC Thread#0"                     [id=13562, stack(0x00007f35f8f0f000,0x00007f35f900f000) (1024K)]
  0x00007f35c4006780 WorkerThread "GC Thread#1"                     [id=13583, stack(0x00007f35dd300000,0x00007f35dd400000) (1024K)]
  0x00007f35c400eaf0 WorkerThread "GC Thread#2"                     [id=13584, stack(0x00007f35dd1ff000,0x00007f35dd2ff000) (1024K)]
  0x00007f35c400f3f0 WorkerThread "GC Thread#3"                     [id=13585, stack(0x00007f35dd0fe000,0x00007f35dd1fe000) (1024K)]
  0x00007f35f408feb0 ConcurrentGCThread "G1 Main Marker"            [id=13563, stack(0x00007f35f8e0e000,0x00007f35f8f0e000) (1024K)]
=>0x00007f35f4090e50 WorkerThread "G1 Conc#0"                       [id=13564, stack(0x00007f35f8d0d000,0x00007f35f8e0d000) (1024K)]
  0x00007f35f410a950 ConcurrentGCThread "G1 Refine#0"               [id=13565, stack(0x00007f35f8808000,0x00007f35f8908000) (1024K)]
  0x00007f35f410b900 ConcurrentGCThread "G1 Service"                [id=13566, stack(0x00007f35f8707000,0x00007f35f8807000) (1024K)]
Total: 10

Threads with active compile tasks:
Total: 0

VM state: not at safepoint (normal execution)

VM Mutex/Monitor currently owned by a thread:  ([mutex/lock_event])
[0x00007f35fb1eba50] Heap_lock - owner thread: 0x00007f35f4027ff0

Heap address: 0x0000000085800000, size: 1960 MB, Compressed Oops mode: 32-bit

CDS archive(s) not mapped
Compressed class space mapped at: 0x0000000100000000-0x0000000140000000, reserved size: 1073741824
Narrow klass base: 0x0000000000000000, Narrow klass shift: 3, Narrow klass range: 0x140000000

GC Precious Log:
 CardTable entry size: 512
 Card Set container configuration: InlinePtr #cards 5 size 8 Array Of Cards #cards 12 size 40 Howl #buckets 4 coarsen threshold 1843 Howl Bitmap #cards 512 size 80 coarsen threshold 460 Card regions per heap region 1 cards per card region 2048
 CPUs: 4 total, 4 available
 Memory: 7836M
 Large Page Support: Disabled
 NUMA Support: Disabled
 Compressed Oops: Enabled (32-bit)
 Heap Region Size: 1M
 Heap Min Capacity: 8M
 Heap Initial Capacity: 124M
 Heap Max Capacity: 1960M
 Pre-touch: Disabled
 Parallel Workers: 4
 Concurrent Workers: 1
 Concurrent Refinement Workers: 4
 Periodic GC: Disabled

Heap:
 garbage-first heap   total 63488K, used 29447K [0x0000000085800000, 0x0000000100000000)
  region size 1024K, 7 young (7168K), 3 survivors (3072K)
 Metaspace       used 36352K, committed 36608K, reserved 1114112K
  class space    used 4403K, committed 4544K, reserved 1048576K

Heap Regions: E=young(eden), S=young(survivor), O=old, HS=humongous(starts), HC=humongous(continues), CS=collection set, F=free, TAMS=top-at-mark-start, PB=parsable bottom
|   0|0x0000000085800000, 0x0000000085900000, 0x0000000085900000|100%|HS|  |TAMS 0x0000000085900000| PB 0x0000000085800000| Complete 
|   1|0x0000000085900000, 0x0000000085a00000, 0x0000000085a00000|100%|HC|  |TAMS 0x0000000085a00000| PB 0x0000000085900000| Complete 
|   2|0x0000000085a00000, 0x0000000085b00000, 0x0000000085b00000|100%|HC|  |TAMS 0x0000000085b00000| PB 0x0000000085a00000| Complete 
|   3|0x0000000085b00000, 0x0000000085c00000, 0x0000000085c00000|100%|HC|  |TAMS 0x0000000085c00000| PB 0x0000000085b00000| Complete 
|   4|0x0000000085c00000, 0x0000000085d00000, 0x0000000085d00000|100%| O|  |TAMS 0x0000000085d00000| PB 0x0000000085c00000| Untracked 
|   5|0x0000000085d00000, 0x0000000085e00000, 0x0000000085e00000|100%| O|  |TAMS 0x0000000085e00000| PB 0x0000000085d00000| Untracked 
|   6|0x0000000085e00000, 0x0000000085f00000, 0x0000000085f00000|100%| O|  |TAMS 0x0000000085f00000| PB 0x0000000085e00000| Untracked 
|   7|0x0000000085f00000, 0x0000000086000000, 0x0000000086000000|100%| O|  |TAMS 0x0000000086000000| PB 0x0000000085f00000| Untracked 
|   8|0x0000000086000000, 0x0000000086100000, 0x0000000086100000|100%| O|  |TAMS 0x0000000086100000| PB 0x0000000086000000| Untracked 
|   9|0x0000000086100000, 0x0000000086200000, 0x0000000086200000|100%| O|  |TAMS 0x0000000086200000| PB 0x0000000086100000| Untracked 
|  10|0x0000000086200000, 0x0000000086300000, 0x0000000086300000|100%| O|  |TAMS 0x0000000086300000| PB 0x0000000086200000| Untracked 
|  11|0x0000000086300000, 0x0000000086400000, 0x0000000086400000|100%| O|  |TAMS 0x0000000086400000| PB 0x0000000086300000| Untracked 
|  12|0x0000000086400000, 0x0000000086500000, 0x0000000086500000|100%| O|  |TAMS 0x0000000086500000| PB 0x0000000086400000| Untracked 
|  13|0x0000000086500000, 0x0000000086600000, 0x0000000086600000|100%| O|  |TAMS 0x0000000086600000| PB 0x0000000086500000| Untracked 
|  14|0x0000000086600000, 0x0000000086700000, 0x0000000086700000|100%| O|  |TAMS 0x0000000086700000| PB 0x0000000086600000| Untracked 
|  15|0x0000000086700000, 0x0000000086800000, 0x0000000086800000|100%| O|  |TAMS 0x0000000086700000| PB 0x0000000086700000| Untracked 
|  16|0x0000000086800000, 0x0000000086900000, 0x0000000086900000|100%| O|  |TAMS 0x0000000086800000| PB 0x0000000086800000| Untracked 
|  17|0x0000000086900000, 0x0000000086900000, 0x0000000086a00000|  0%| F|  |TAMS 0x0000000086900000| PB 0x0000000086900000| Untracked 
|  18|0x0000000086a00000, 0x0000000086b00000, 0x0000000086b00000|100%| O|  |TAMS 0x0000000086b00000| PB 0x0000000086a00000| Untracked 
|  19|0x0000000086b00000, 0x0000000086c00000, 0x0000000086c00000|100%| O|  |TAMS 0x0000000086c00000| PB 0x0000000086b00000| Untracked 
|  20|0x0000000086c00000, 0x0000000086d00000, 0x0000000086d00000|100%| O|  |TAMS 0x0000000086c80000| PB 0x0000000086c00000| Untracked 
|  21|0x0000000086d00000, 0x0000000086d00000, 0x0000000086e00000|  0%| F|  |TAMS 0x0000000086d00000| PB 0x0000000086d00000| Untracked 
|  22|0x0000000086e00000, 0x0000000086e00000, 0x0000000086f00000|  0%| F|  |TAMS 0x0000000086e00000| PB 0x0000000086e00000| Untracked 
|  23|0x0000000086f00000, 0x0000000086f00000, 0x0000000087000000|  0%| F|  |TAMS 0x0000000086f00000| PB 0x0000000086f00000| Untracked 
|  24|0x0000000087000000, 0x0000000087000000, 0x0000000087100000|  0%| F|  |TAMS 0x0000000087000000| PB 0x0000000087000000| Untracked 
|  25|0x0000000087100000, 0x0000000087100000, 0x0000000087200000|  0%| F|  |TAMS 0x0000000087100000| PB 0x0000000087100000| Untracked 
|  26|0x0000000087200000, 0x0000000087200000, 0x0000000087300000|  0%| F|  |TAMS 0x0000000087200000| PB 0x0000000087200000| Untracked 
|  27|0x0000000087300000, 0x0000000087300000, 0x0000000087400000|  0%| F|  |TAMS 0x0000000087300000| PB 0x0000000087300000| Untracked 
|  28|0x0000000087400000, 0x0000000087400000, 0x0000000087500000|  0%| F|  |TAMS 0x0000000087400000| PB 0x0000000087400000| Untracked 
|  29|0x0000000087500000, 0x00000000875c1ff8, 0x0000000087600000| 75%| S|CS|TAMS 0x0000000087500000| PB 0x0000000087500000| Complete 
|  30|0x0000000087600000, 0x0000000087700000, 0x0000000087700000|100%| S|CS|TAMS 0x0000000087600000| PB 0x0000000087600000| Complete 
|  31|0x0000000087700000, 0x0000000087800000, 0x0000000087800000|100%| S|CS|TAMS 0x0000000087700000| PB 0x0000000087700000| Complete 
|  32|0x0000000087800000, 0x0000000087800000, 0x0000000087900000|  0%| F|  |TAMS 0x0000000087800000| PB 0x0000000087800000| Untracked 
|  33|0x0000000087900000, 0x0000000087900000, 0x0000000087a00000|  0%| F|  |TAMS 0x0000000087900000| PB 0x0000000087900000| Untracked 
|  34|0x0000000087a00000, 0x0000000087a00000, 0x0000000087b00000|  0%| F|  |TAMS 0x0000000087a00000| PB 0x0000000087a00000| Untracked 
|  35|0x0000000087b00000, 0x0000000087b00000, 0x0000000087c00000|  0%| F|  |TAMS 0x0000000087b00000| PB 0x0000000087b00000| Untracked 
|  36|0x0000000087c00000, 0x0000000087c00000, 0x0000000087d00000|  0%| F|  |TAMS 0x0000000087c00000| PB 0x0000000087c00000| Untracked 
|  37|0x0000000087d00000, 0x0000000087d00000, 0x0000000087e00000|  0%| F|  |TAMS 0x0000000087d00000| PB 0x0000000087d00000| Untracked 
|  38|0x0000000087e00000, 0x0000000087e00000, 0x0000000087f00000|  0%| F|  |TAMS 0x0000000087e00000| PB 0x0000000087e00000| Untracked 
|  39|0x0000000087f00000, 0x0000000087f00000, 0x0000000088000000|  0%| F|  |TAMS 0x0000000087f00000| PB 0x0000000087f00000| Untracked 
|  40|0x0000000088000000, 0x0000000088000000, 0x0000000088100000|  0%| F|  |TAMS 0x0000000088000000| PB 0x0000000088000000| Untracked 
|  41|0x0000000088100000, 0x0000000088100000, 0x0000000088200000|  0%| F|  |TAMS 0x0000000088100000| PB 0x0000000088100000| Untracked 
|  42|0x0000000088200000, 0x0000000088200000, 0x0000000088300000|  0%| F|  |TAMS 0x0000000088200000| PB 0x0000000088200000| Untracked 
|  43|0x0000000088300000, 0x0000000088300000, 0x0000000088400000|  0%| F|  |TAMS 0x0000000088300000| PB 0x0000000088300000| Untracked 
|  44|0x0000000088400000, 0x0000000088400000, 0x0000000088500000|  0%| F|  |TAMS 0x0000000088400000| PB 0x0000000088400000| Untracked 
|  45|0x0000000088500000, 0x0000000088500000, 0x0000000088600000|  0%| F|  |TAMS 0x0000000088500000| PB 0x0000000088500000| Untracked 
|  46|0x0000000088600000, 0x0000000088600000, 0x0000000088700000|  0%| F|  |TAMS 0x0000000088600000| PB 0x0000000088600000| Untracked 
|  47|0x0000000088700000, 0x0000000088700000, 0x0000000088800000|  0%| F|  |TAMS 0x0000000088700000| PB 0x0000000088700000| Untracked 
|  48|0x0000000088800000, 0x0000000088800000, 0x0000000088900000|  0%| F|  |TAMS 0x0000000088800000| PB 0x0000000088800000| Untracked 
|  49|0x0000000088900000, 0x0000000088900000, 0x0000000088a00000|  0%| F|  |TAMS 0x0000000088900000| PB 0x0000000088900000| Untracked 
|  50|0x0000000088a00000, 0x0000000088a00000, 0x0000000088b00000|  0%| F|  |TAMS 0x0000000088a00000| PB 0x0000000088a00000| Untracked 
|  51|0x0000000088b00000, 0x0000000088b00000, 0x0000000088c00000|  0%| F|  |TAMS 0x0000000088b00000| PB 0x0000000088b00000| Untracked 
|  52|0x0000000088c00000, 0x0000000088c00000, 0x0000000088d00000|  0%| F|  |TAMS 0x0000000088c00000| PB 0x0000000088c00000| Untracked 
|  53|0x0000000088d00000, 0x0000000088d00000, 0x0000000088e00000|  0%| F|  |TAMS 0x0000000088d00000| PB 0x0000000088d00000| Untracked 
|  54|0x0000000088e00000, 0x0000000088e00000, 0x0000000088f00000|  0%| F|  |TAMS 0x0000000088e00000| PB 0x0000000088e00000| Untracked 
|  55|0x0000000088f00000, 0x0000000088f80800, 0x0000000089000000| 50%| E|  |TAMS 0x0000000088f00000| PB 0x0000000088f00000| Complete 
| 110|0x000000008c600000, 0x000000008c700000, 0x000000008c700000|100%| E|CS|TAMS 0x000000008c600000| PB 0x000000008c600000| Complete 
| 111|0x000000008c700000, 0x000000008c800000, 0x000000008c800000|100%| E|CS|TAMS 0x000000008c700000| PB 0x000000008c700000| Complete 
| 123|0x000000008d300000, 0x000000008d400000, 0x000000008d400000|100%| E|CS|TAMS 0x000000008d300000| PB 0x000000008d300000| Complete 
|1957|0x00000000ffd00000, 0x00000000ffe00000, 0x00000000ffe00000|100%| O|  |TAMS 0x00000000ffe00000| PB 0x00000000ffd00000| Untracked 
|1958|0x00000000ffe00000, 0x00000000fff00000, 0x00000000fff00000|100%| O|  |TAMS 0x00000000fff00000| PB 0x00000000ffe00000| Untracked 
|1959|0x00000000fff00000, 0x0000000100000000, 0x0000000100000000|100%| O|  |TAMS 0x0000000100000000| PB 0x00000000fff00000| Untracked 

Card table byte_map: [0x00007f35f9051000,0x00007f35f9425000] _byte_map_base: 0x00007f35f8c25000

Marking Bits: (CMBitMap*) 0x00007f35f407fee0
 Bits: [0x00007f35dff60000, 0x00007f35e1e00000)

Polling page: 0x00007f35fb45c000

Metaspace:

Usage:
  Non-class:     31.20 MB used.
      Class:      4.30 MB used.
       Both:     35.50 MB used.

Virtual space:
  Non-class space:       64.00 MB reserved,      31.31 MB ( 49%) committed,  1 nodes.
      Class space:        1.00 GB reserved,       4.44 MB ( <1%) committed,  1 nodes.
             Both:        1.06 GB reserved,      35.75 MB (  3%) committed. 

Chunk freelists:
   Non-Class:  448.00 KB
       Class:  11.52 MB
        Both:  11.95 MB

MaxMetaspaceSize: unlimited
CompressedClassSpaceSize: 1.00 GB
Initial GC threshold: 21.00 MB
Current GC threshold: 35.75 MB
CDS: off
 - commit_granule_bytes: 65536.
 - commit_granule_words: 8192.
 - virtual_space_node_default_size: 8388608.
 - enlarge_chunks_in_place: 1.
 - use_allocation_guard: 0.


Internal statistics:

num_allocs_failed_limit: 11.
num_arena_births: 226.
num_arena_deaths: 0.
num_vsnodes_births: 2.
num_vsnodes_deaths: 0.
num_space_committed: 572.
num_space_uncommitted: 0.
num_chunks_returned_to_freelist: 11.
num_chunks_taken_from_freelist: 1234.
num_chunk_merges: 11.
num_chunk_splits: 993.
num_chunks_enlarged: 878.
num_inconsistent_stats: 0.

CodeHeap 'non-profiled nmethods': size=120032Kb used=882Kb max_used=882Kb free=119149Kb
 bounds [0x00007f35e98c8000, 0x00007f35e9b38000, 0x00007f35f0e00000]
CodeHeap 'profiled nmethods': size=120028Kb used=3373Kb max_used=3373Kb free=116654Kb
 bounds [0x00007f35e1e00000, 0x00007f35e2150000, 0x00007f35e9337000]
CodeHeap 'non-nmethods': size=5700Kb used=1430Kb max_used=1514Kb free=4269Kb
 bounds [0x00007f35e9337000, 0x00007f35e95a7000, 0x00007f35e98c8000]
 total_blobs=2464 nmethods=1913 adapters=456
 compilation: enabled
              stopped_count=0, restarted_count=0
 full_count=0

Compilation events (20 events):
Event: 7.188 Thread 0x00007f35f42121e0 1904   !   3       jdk.internal.ref.PhantomCleanable::isListEmpty (34 bytes)
Event: 7.188 Thread 0x00007f35f42121e0 nmethod 1904 0x00007f35e2146d10 code [0x00007f35e2146ec0, 0x00007f35e2147118]
Event: 7.188 Thread 0x00007f35f42121e0 1905       3       jdk.internal.misc.InnocuousThread::eraseThreadLocals (23 bytes)
Event: 7.188 Thread 0x00007f35f42121e0 nmethod 1905 0x00007f35e2147210 code [0x00007f35e21473a0, 0x00007f35e2147588]
Event: 7.189 Thread 0x00007f35941a4010 nmethod 1900 0x00007f35e99a3490 code [0x00007f35e99a3620, 0x00007f35e99a37e8]
Event: 7.208 Thread 0x00007f35f42121e0 1906       1       org.jetbrains.kotlin.fir.analysis.checkers.declaration.FirDeclarationChecker::getMppKind (5 bytes)
Event: 7.208 Thread 0x00007f35f42121e0 nmethod 1906 0x00007f35e99a3890 code [0x00007f35e99a3a20, 0x00007f35e99a3ae0]
Event: 7.212 Thread 0x00007f35f42121e0 1907       3       kotlin.collections.MapsKt__MapsJVMKt::mapCapacity (40 bytes)
Event: 7.212 Thread 0x00007f35f42121e0 nmethod 1907 0x00007f35e2147610 code [0x00007f35e2147800, 0x00007f35e2147a70]
Event: 7.212 Thread 0x00007f35f42121e0 1909       3       org.jetbrains.kotlin.fir.analysis.checkers.declaration.ComposedDeclarationCheckers$$Lambda/0x000000010044ad90::invoke (15 bytes)
Event: 7.213 Thread 0x00007f35f42121e0 nmethod 1909 0x00007f35e2147b10 code [0x00007f35e2147d60, 0x00007f35e2148660]
Event: 7.213 Thread 0x00007f35f42121e0 1908       3       java.util.HashSet::iterator (13 bytes)
Event: 7.213 Thread 0x00007f35f42121e0 nmethod 1908 0x00007f35e2148990 code [0x00007f35e2148b40, 0x00007f35e2148dc0]
Event: 7.213 Thread 0x00007f35f42121e0 1910       3       kotlin.SynchronizedLazyImpl::<init> (15 bytes)
Event: 7.214 Thread 0x00007f35f42121e0 nmethod 1910 0x00007f35e2148e90 code [0x00007f35e21490c0, 0x00007f35e21498c0]
Event: 7.214 Thread 0x00007f35f42121e0 1911       3       kotlin.SynchronizedLazyImpl::<init> (34 bytes)
Event: 7.215 Thread 0x00007f35f42121e0 nmethod 1911 0x00007f35e2149b90 code [0x00007f35e2149dc0, 0x00007f35e214a520]
Event: 7.215 Thread 0x00007f35941a4010 1912       4       java.lang.Class::getPackageName (81 bytes)
Event: 7.216 Thread 0x00007f35f42121e0 1913   !   3       java.util.WeakHashMap::expungeStaleEntries (139 bytes)
Event: 7.217 Thread 0x00007f35f42121e0 nmethod 1913 0x00007f35e214a790 code [0x00007f35e214a9a0, 0x00007f35e214b1d8]

GC Heap History (14 events):
Event: 3.367 GC heap before
{Heap before GC invocations=0 (full 0):
 garbage-first heap   total 126976K, used 17408K [0x0000000085800000, 0x0000000100000000)
  region size 1024K, 13 young (13312K), 0 survivors (0K)
 Metaspace       used 11396K, committed 11584K, reserved 1114112K
  class space    used 962K, committed 1024K, reserved 1048576K
}
Event: 3.376 GC heap after
{Heap after GC invocations=1 (full 0):
 garbage-first heap   total 126976K, used 6352K [0x0000000085800000, 0x0000000100000000)
  region size 1024K, 2 young (2048K), 2 survivors (2048K)
 Metaspace       used 11396K, committed 11584K, reserved 1114112K
  class space    used 962K, committed 1024K, reserved 1048576K
}
Event: 4.463 GC heap before
{Heap before GC invocations=1 (full 0):
 garbage-first heap   total 126976K, used 26832K [0x0000000085800000, 0x0000000100000000)
  region size 1024K, 22 young (22528K), 2 survivors (2048K)
 Metaspace       used 17096K, committed 17280K, reserved 1114112K
  class space    used 1694K, committed 1792K, reserved 1048576K
}
Event: 4.476 GC heap after
{Heap after GC invocations=2 (full 0):
 garbage-first heap   total 126976K, used 8016K [0x0000000085800000, 0x0000000100000000)
  region size 1024K, 2 young (2048K), 2 survivors (2048K)
 Metaspace       used 17096K, committed 17280K, reserved 1114112K
  class space    used 1694K, committed 1792K, reserved 1048576K
}
Event: 4.927 GC heap before
{Heap before GC invocations=2 (full 0):
 garbage-first heap   total 126976K, used 19280K [0x0000000085800000, 0x0000000100000000)
  region size 1024K, 14 young (14336K), 2 survivors (2048K)
 Metaspace       used 21312K, committed 21504K, reserved 1114112K
  class space    used 2198K, committed 2304K, reserved 1048576K
}
Event: 4.931 GC heap after
{Heap after GC invocations=3 (full 0):
 garbage-first heap   total 126976K, used 8489K [0x0000000085800000, 0x0000000100000000)
  region size 1024K, 2 young (2048K), 2 survivors (2048K)
 Metaspace       used 21312K, committed 21504K, reserved 1114112K
  class space    used 2198K, committed 2304K, reserved 1048576K
}
Event: 5.526 GC heap before
{Heap before GC invocations=4 (full 0):
 garbage-first heap   total 34816K, used 33065K [0x0000000085800000, 0x0000000100000000)
  region size 1024K, 27 young (27648K), 2 survivors (2048K)
 Metaspace       used 25233K, committed 25536K, reserved 1114112K
  class space    used 2698K, committed 2816K, reserved 1048576K
}
Event: 5.553 GC heap after
{Heap after GC invocations=5 (full 0):
 garbage-first heap   total 43008K, used 14718K [0x0000000085800000, 0x0000000100000000)
  region size 1024K, 8 young (8192K), 8 survivors (8192K)
 Metaspace       used 25233K, committed 25536K, reserved 1114112K
  class space    used 2698K, committed 2816K, reserved 1048576K
}
Event: 5.940 GC heap before
{Heap before GC invocations=5 (full 0):
 garbage-first heap   total 43008K, used 31102K [0x0000000085800000, 0x0000000100000000)
  region size 1024K, 24 young (24576K), 8 survivors (8192K)
 Metaspace       used 26847K, committed 27136K, reserved 1114112K
  class space    used 2909K, committed 3072K, reserved 1048576K
}
Event: 5.974 GC heap after
{Heap after GC invocations=6 (full 0):
 garbage-first heap   total 46080K, used 20291K [0x0000000085800000, 0x0000000100000000)
  region size 1024K, 3 young (3072K), 3 survivors (3072K)
 Metaspace       used 26847K, committed 27136K, reserved 1114112K
  class space    used 2909K, committed 3072K, reserved 1048576K
}
Event: 6.250 GC heap before
{Heap before GC invocations=6 (full 0):
 garbage-first heap   total 46080K, used 33603K [0x0000000085800000, 0x0000000100000000)
  region size 1024K, 17 young (17408K), 3 survivors (3072K)
 Metaspace       used 28825K, committed 29184K, reserved 1114112K
  class space    used 3090K, committed 3264K, reserved 1048576K
}
Event: 6.259 GC heap after
{Heap after GC invocations=7 (full 0):
 garbage-first heap   total 63488K, used 23433K [0x0000000085800000, 0x0000000100000000)
  region size 1024K, 3 young (3072K), 3 survivors (3072K)
 Metaspace       used 28825K, committed 29184K, reserved 1114112K
  class space    used 3090K, committed 3264K, reserved 1048576K
}
Event: 7.173 GC heap before
{Heap before GC invocations=7 (full 0):
 garbage-first heap   total 63488K, used 50057K [0x0000000085800000, 0x0000000100000000)
  region size 1024K, 30 young (30720K), 3 survivors (3072K)
 Metaspace       used 35712K, committed 35968K, reserved 1114112K
  class space    used 4341K, committed 4480K, reserved 1048576K
}
Event: 7.183 GC heap after
{Heap after GC invocations=8 (full 0):
 garbage-first heap   total 63488K, used 26375K [0x0000000085800000, 0x0000000100000000)
  region size 1024K, 3 young (3072K), 3 survivors (3072K)
 Metaspace       used 35712K, committed 35968K, reserved 1114112K
  class space    used 4341K, committed 4480K, reserved 1048576K
}

Dll operation events (8 events):
Event: 0.084 Loaded shared library /home/rohit/Android/android-studio/jbr/lib/libjava.so
Event: 0.130 Loaded shared library /home/rohit/Android/android-studio/jbr/lib/libzip.so
Event: 0.725 Loaded shared library /home/rohit/Android/android-studio/jbr/lib/libnio.so
Event: 0.953 Loaded shared library /home/rohit/Android/android-studio/jbr/lib/libzip.so
Event: 1.388 Loaded shared library /home/rohit/Android/android-studio/jbr/lib/libjimage.so
Event: 2.271 Loaded shared library /tmp/jansi-2.4.0-9113fcf77dd7b8fe-libjansi.so
Event: 5.222 Loaded shared library /home/rohit/Android/android-studio/jbr/lib/libverify.so
Event: 5.286 Loaded shared library /home/rohit/Android/android-studio/jbr/lib/libnet.so

Deoptimization events (20 events):
Event: 6.625 Thread 0x00007f35f4027ff0 Uncommon trap: trap_request=0xffffffde fr.pc=0x00007f35e995fdb4 relative=0x0000000000001394
Event: 6.625 Thread 0x00007f35f4027ff0 Uncommon trap: reason=class_check action=maybe_recompile pc=0x00007f35e995fdb4 method=java.util.HashMap.putVal(ILjava/lang/Object;Ljava/lang/Object;ZZ)Ljava/lang/Object; @ 91 c2
Event: 6.625 Thread 0x00007f35f4027ff0 DEOPT PACKING pc=0x00007f35e995fdb4 sp=0x00007f35f9f15a80
Event: 6.625 Thread 0x00007f35f4027ff0 DEOPT UNPACKING pc=0x00007f35e938af99 sp=0x00007f35f9f159c0 mode 2
Event: 6.625 Thread 0x00007f35f4027ff0 Uncommon trap: trap_request=0xffffffde fr.pc=0x00007f35e995fdb4 relative=0x0000000000001394
Event: 6.625 Thread 0x00007f35f4027ff0 Uncommon trap: reason=class_check action=maybe_recompile pc=0x00007f35e995fdb4 method=java.util.HashMap.putVal(ILjava/lang/Object;Ljava/lang/Object;ZZ)Ljava/lang/Object; @ 91 c2
Event: 6.625 Thread 0x00007f35f4027ff0 DEOPT PACKING pc=0x00007f35e995fdb4 sp=0x00007f35f9f15a80
Event: 6.625 Thread 0x00007f35f4027ff0 DEOPT UNPACKING pc=0x00007f35e938af99 sp=0x00007f35f9f159c0 mode 2
Event: 6.625 Thread 0x00007f35f4027ff0 Uncommon trap: trap_request=0xffffffde fr.pc=0x00007f35e996b448 relative=0x0000000000001528
Event: 6.625 Thread 0x00007f35f4027ff0 Uncommon trap: reason=class_check action=maybe_recompile pc=0x00007f35e996b448 method=java.util.HashMap.putVal(ILjava/lang/Object;Ljava/lang/Object;ZZ)Ljava/lang/Object; @ 91 c2
Event: 6.625 Thread 0x00007f35f4027ff0 DEOPT PACKING pc=0x00007f35e996b448 sp=0x00007f35f9f159d0
Event: 6.625 Thread 0x00007f35f4027ff0 DEOPT UNPACKING pc=0x00007f35e938af99 sp=0x00007f35f9f159b0 mode 2
Event: 6.645 Thread 0x00007f35f4027ff0 Uncommon trap: trap_request=0xffffff45 fr.pc=0x00007f35e98ff734 relative=0x0000000000000274
Event: 6.645 Thread 0x00007f35f4027ff0 Uncommon trap: reason=unstable_if action=reinterpret pc=0x00007f35e98ff734 method=java.util.concurrent.ConcurrentHashMap.get(Ljava/lang/Object;)Ljava/lang/Object; @ 76 c2
Event: 6.645 Thread 0x00007f35f4027ff0 DEOPT PACKING pc=0x00007f35e98ff734 sp=0x00007f35f9f15820
Event: 6.645 Thread 0x00007f35f4027ff0 DEOPT UNPACKING pc=0x00007f35e938af99 sp=0x00007f35f9f157b8 mode 2
Event: 7.188 Thread 0x00007f35f42893b0 Uncommon trap: trap_request=0xffffff45 fr.pc=0x00007f35e9921544 relative=0x00000000000000a4
Event: 7.188 Thread 0x00007f35f42893b0 Uncommon trap: reason=unstable_if action=reinterpret pc=0x00007f35e9921544 method=java.lang.ref.ReferenceQueue.poll()Ljava/lang/ref/Reference; @ 4 c2
Event: 7.188 Thread 0x00007f35f42893b0 DEOPT PACKING pc=0x00007f35e9921544 sp=0x00007f35dd8fe660
Event: 7.188 Thread 0x00007f35f42893b0 DEOPT UNPACKING pc=0x00007f35e938af99 sp=0x00007f35dd8fe570 mode 2

Classes loaded (20 events):
Event: 5.899 Loading class java/lang/invoke/VarHandleByteArrayAsFloats$ByteArrayViewVarHandle done
Event: 5.899 Loading class java/lang/invoke/VarHandleByteArrayAsFloats$ArrayHandle done
Event: 5.899 Loading class java/lang/invoke/VarHandleByteArrayAsLongs$ArrayHandle
Event: 5.899 Loading class java/lang/invoke/VarHandleByteArrayAsLongs$ByteArrayViewVarHandle
Event: 5.899 Loading class java/lang/invoke/VarHandleByteArrayAsLongs$ByteArrayViewVarHandle done
Event: 5.899 Loading class java/lang/invoke/VarHandleByteArrayAsLongs$ArrayHandle done
Event: 5.899 Loading class java/lang/invoke/VarHandleByteArrayAsDoubles$ArrayHandle
Event: 5.899 Loading class java/lang/invoke/VarHandleByteArrayAsDoubles$ByteArrayViewVarHandle
Event: 5.900 Loading class java/lang/invoke/VarHandleByteArrayAsDoubles$ByteArrayViewVarHandle done
Event: 5.900 Loading class java/lang/invoke/VarHandleByteArrayAsDoubles$ArrayHandle done
Event: 6.176 Loading class java/util/Collections$SingletonMap
Event: 6.176 Loading class java/util/Collections$SingletonMap done
Event: 6.644 Loading class jdk/internal/vm/annotation/IntrinsicCandidate
Event: 6.644 Loading class jdk/internal/vm/annotation/IntrinsicCandidate done
Event: 6.720 Loading class java/lang/annotation/Documented
Event: 6.720 Loading class java/lang/annotation/Documented done
Event: 6.941 Loading class java/util/LinkedList$Node
Event: 6.941 Loading class java/util/LinkedList$Node done
Event: 6.942 Loading class java/util/LinkedList$ListItr
Event: 6.942 Loading class java/util/LinkedList$ListItr done

Classes unloaded (0 events):
No events

Classes redefined (0 events):
No events

Internal exceptions (20 events):
Event: 4.701 Thread 0x00007f35f4027ff0 Exception <a 'java/lang/NoSuchMethodError'{0x000000008ce4b740}: 'int java.lang.invoke.Invokers$Holder.invokeExact_MT(java.lang.Object, java.lang.Object, java.lang.Object)'> (0x000000008ce4b740) 
thrown [src/hotspot/share/interpreter/linkResolver.cpp, line 784]
Event: 4.735 Thread 0x00007f35f4027ff0 Exception <a 'java/lang/NoSuchMethodError'{0x000000008cd2c3d8}: 'int java.lang.invoke.DirectMethodHandle$Holder.invokeStaticInit(java.lang.Object, java.lang.Object, java.lang.Object)'> (0x000000008cd2c3d8) 
thrown [src/hotspot/share/interpreter/linkResolver.cpp, line 784]
Event: 4.743 Thread 0x00007f35f4027ff0 Exception <a 'java/lang/NoSuchMethodError'{0x000000008cd58158}: 'int java.lang.invoke.DirectMethodHandle$Holder.invokeStaticInit(java.lang.Object, java.lang.Object)'> (0x000000008cd58158) 
thrown [src/hotspot/share/interpreter/linkResolver.cpp, line 784]
Event: 4.766 Thread 0x00007f35f4027ff0 Exception <a 'java/lang/NoSuchMethodError'{0x000000008cc14590}: 'int java.lang.invoke.DirectMethodHandle$Holder.invokeStatic(java.lang.Object)'> (0x000000008cc14590) 
thrown [src/hotspot/share/interpreter/linkResolver.cpp, line 784]
Event: 4.766 Thread 0x00007f35f4027ff0 Exception <a 'java/lang/NoSuchMethodError'{0x000000008cc17998}: 'int java.lang.invoke.DirectMethodHandle$Holder.invokeStaticInit(java.lang.Object)'> (0x000000008cc17998) 
thrown [src/hotspot/share/interpreter/linkResolver.cpp, line 784]
Event: 4.774 Thread 0x00007f35f4027ff0 Exception <a 'java/lang/NoSuchMethodError'{0x000000008cc450c8}: 'java.lang.Object java.lang.invoke.DirectMethodHandle$Holder.newInvokeSpecial(java.lang.Object, java.lang.Object, int)'> (0x000000008cc450c8) 
thrown [src/hotspot/share/interpreter/linkResolver.cpp, line 784]
Event: 4.966 Thread 0x00007f35f4027ff0 Exception <a 'java/lang/NoSuchMethodError'{0x0000000087626740}: 'void java.lang.invoke.DirectMethodHandle$Holder.invokeStatic(java.lang.Object, java.lang.Object, java.lang.Object, java.lang.Object)'> (0x0000000087626740) 
thrown [src/hotspot/share/interpreter/linkResolver.cpp, line 784]
Event: 5.009 Thread 0x00007f35f4027ff0 Exception <a 'java/lang/NoSuchMethodError'{0x000000008757dee8}: 'java.lang.Object java.lang.invoke.DirectMethodHandle$Holder.invokeInterface(java.lang.Object, java.lang.Object)'> (0x000000008757dee8) 
thrown [src/hotspot/share/interpreter/linkResolver.cpp, line 784]
Event: 5.073 Thread 0x00007f35f4027ff0 Exception <a 'java/lang/NoSuchMethodError'{0x00000000873e5628}: 'void java.lang.invoke.DirectMethodHandle$Holder.invokeStaticInit(java.lang.Object, java.lang.Object)'> (0x00000000873e5628) 
thrown [src/hotspot/share/interpreter/linkResolver.cpp, line 784]
Event: 5.120 Thread 0x00007f35f4027ff0 Exception <a 'java/lang/NoSuchMethodError'{0x00000000871c5160}: 'int java.lang.invoke.DirectMethodHandle$Holder.invokeVirtual(java.lang.Object, java.lang.Object, java.lang.Object)'> (0x00000000871c5160) 
thrown [src/hotspot/share/interpreter/linkResolver.cpp, line 784]
Event: 5.175 Thread 0x00007f35f4027ff0 Exception <a 'java/lang/NoSuchMethodError'{0x0000000086f8bdd0}: 'void java.lang.invoke.Invokers$Holder.invokeExact_MT(java.lang.Object, int, java.lang.Object)'> (0x0000000086f8bdd0) 
thrown [src/hotspot/share/interpreter/linkResolver.cpp, line 784]
Event: 5.259 Thread 0x00007f35f4027ff0 Exception <a 'java/lang/NoSuchMethodError'{0x0000000086c10900}: 'void java.lang.invoke.DirectMethodHandle$Holder.invokeVirtual(java.lang.Object, java.lang.Object)'> (0x0000000086c10900) 
thrown [src/hotspot/share/interpreter/linkResolver.cpp, line 784]
Event: 5.278 Thread 0x00007f35f4027ff0 Exception <a 'java/lang/NoSuchMethodError'{0x0000000086c8a328}: 'java.lang.Object java.lang.invoke.DirectMethodHandle$Holder.invokeStatic(java.lang.Object, java.lang.Object, long, long)'> (0x0000000086c8a328) 
thrown [src/hotspot/share/interpreter/linkResolver.cpp, line 784]
Event: 5.293 Thread 0x00007f35f4027ff0 Exception <a 'java/lang/NoSuchMethodError'{0x0000000086cb36e0}: 'long java.lang.invoke.DirectMethodHandle$Holder.invokeStatic(java.lang.Object, java.lang.Object, int)'> (0x0000000086cb36e0) 
thrown [src/hotspot/share/interpreter/linkResolver.cpp, line 784]
Event: 5.294 Thread 0x00007f35f4027ff0 Exception <a 'java/lang/NoSuchMethodError'{0x0000000086cbe498}: 'java.lang.Object java.lang.invoke.DelegatingMethodHandle$Holder.reinvoke_L(java.lang.Object, int, long, java.lang.Object, java.lang.Object, int, java.lang.Object)'> (0x0000000086cbe498) 
thrown [src/hotspot/share/interpreter/linkResolver.cpp, line 784]
Event: 5.307 Thread 0x00007f35f4027ff0 Exception <a 'java/lang/NoSuchMethodError'{0x0000000086ce47e8}: 'java.lang.Object java.lang.invoke.DirectMethodHandle$Holder.invokeStatic(java.lang.Object, java.lang.Object, int)'> (0x0000000086ce47e8) 
thrown [src/hotspot/share/interpreter/linkResolver.cpp, line 784]
Event: 5.312 Thread 0x00007f35f4027ff0 Exception <a 'java/lang/NoSuchMethodError'{0x0000000086cef1d0}: 'void java.lang.invoke.DelegatingMethodHandle$Holder.delegate(java.lang.Object, java.lang.Object, int, java.lang.Object)'> (0x0000000086cef1d0) 
thrown [src/hotspot/share/interpreter/linkResolver.cpp, line 784]
Event: 5.322 Thread 0x00007f35f4027ff0 Exception <a 'java/lang/NoSuchMethodError'{0x0000000086b0d020}: 'java.lang.Object java.lang.invoke.DirectMethodHandle$Holder.newInvokeSpecial(java.lang.Object, java.lang.Object, java.lang.Object, long)'> (0x0000000086b0d020) 
thrown [src/hotspot/share/interpreter/linkResolver.cpp, line 784]
Event: 5.787 Thread 0x00007f35f4027ff0 Exception <a 'java/lang/NoSuchMethodError'{0x0000000086dcce50}: 'void java.lang.invoke.DirectMethodHandle$Holder.invokeStaticInit(java.lang.Object, java.lang.Object, java.lang.Object)'> (0x0000000086dcce50) 
thrown [src/hotspot/share/interpreter/linkResolver.cpp, line 784]
Event: 6.151 Thread 0x00007f35f4027ff0 Exception <a 'java/lang/NoSuchMethodError'{0x000000008775b8e0}: 'java.lang.Object java.lang.invoke.DirectMethodHandle$Holder.newInvokeSpecial(java.lang.Object, java.lang.Object, java.lang.Object, java.lang.Object, java.lang.Object, java.lang.Object, java.lang.Object)'> (0x000000008775b8e0) 
thrown [src/hotspot/share/interpreter/linkResolver.cpp, line 784]

ZGC Phase Switch (0 events):
No events

VM Operations (20 events):
Event: 5.304 Executing VM operation: HandshakeAllThreads (Deoptimize)
Event: 5.306 Executing VM operation: HandshakeAllThreads (Deoptimize) done
Event: 5.526 Executing VM operation: G1CollectForAllocation (G1 Evacuation Pause)
Event: 5.553 Executing VM operation: G1CollectForAllocation (G1 Evacuation Pause) done
Event: 5.730 Executing VM operation: HandshakeAllThreads (Deoptimize)
Event: 5.730 Executing VM operation: HandshakeAllThreads (Deoptimize) done
Event: 5.731 Executing VM operation: HandshakeAllThreads (Deoptimize)
Event: 5.731 Executing VM operation: HandshakeAllThreads (Deoptimize) done
Event: 5.940 Executing VM operation: G1CollectForAllocation (G1 Evacuation Pause)
Event: 5.974 Executing VM operation: G1CollectForAllocation (G1 Evacuation Pause) done
Event: 6.117 Executing VM operation: HandshakeAllThreads (Deoptimize)
Event: 6.117 Executing VM operation: HandshakeAllThreads (Deoptimize) done
Event: 6.119 Executing VM operation: HandshakeAllThreads (Deoptimize)
Event: 6.119 Executing VM operation: HandshakeAllThreads (Deoptimize) done
Event: 6.250 Executing VM operation: G1CollectForAllocation (G1 Evacuation Pause)
Event: 6.259 Executing VM operation: G1CollectForAllocation (G1 Evacuation Pause) done
Event: 7.172 Executing VM operation: CollectForMetadataAllocation (Metadata GC Threshold)
Event: 7.183 Executing VM operation: CollectForMetadataAllocation (Metadata GC Threshold) done
Event: 7.206 Executing VM operation: CollectForMetadataAllocation (Metadata GC Threshold)
Event: 7.206 Executing VM operation: CollectForMetadataAllocation (Metadata GC Threshold) done

Events (20 events):
Event: 0.454 Protecting memory [0x00007f35ddd00000,0x00007f35ddd04000] with protection modes 0
Event: 0.455 Thread 0x00007f35f4210bb0 Thread added: 0x00007f35f4210bb0
Event: 0.455 Protecting memory [0x00007f35ddb00000,0x00007f35ddb04000] with protection modes 0
Event: 0.469 Thread 0x00007f35f42121e0 Thread added: 0x00007f35f42121e0
Event: 0.471 Protecting memory [0x00007f35dda00000,0x00007f35dda04000] with protection modes 0
Event: 0.681 Thread 0x00007f35f4283f50 Thread added: 0x00007f35f4283f50
Event: 0.681 Protecting memory [0x00007f35dd900000,0x00007f35dd904000] with protection modes 0
Event: 0.700 Thread 0x00007f35f42893b0 Thread added: 0x00007f35f42893b0
Event: 0.700 Protecting memory [0x00007f35dd800000,0x00007f35dd804000] with protection modes 0
Event: 0.899 Thread 0x00007f3590086e50 Thread added: 0x00007f3590086e50
Event: 0.899 Protecting memory [0x00007f35dd700000,0x00007f35dd704000] with protection modes 0
Event: 1.089 Thread 0x00007f3590086e50 Thread exited: 0x00007f3590086e50
Event: 2.482 Thread 0x00007f3594119bc0 Thread added: 0x00007f3594119bc0
Event: 2.483 Protecting memory [0x00007f35dd700000,0x00007f35dd704000] with protection modes 0
Event: 2.825 Thread 0x00007f3594119bc0 Thread exited: 0x00007f3594119bc0
Event: 5.302 Thread 0x00007f359426cb50 Thread added: 0x00007f359426cb50
Event: 5.302 Protecting memory [0x00007f35dd700000,0x00007f35dd704000] with protection modes 0
Event: 6.010 Thread 0x00007f359426cb50 Thread exited: 0x00007f359426cb50
Event: 6.038 Thread 0x00007f35941a4010 Thread added: 0x00007f35941a4010
Event: 6.038 Protecting memory [0x00007f35dd700000,0x00007f35dd704000] with protection modes 0


Dynamic libraries:
85800000-89000000 rw-p 00000000 00:00 0 
89000000-8c600000 ---p 00000000 00:00 0 
8c600000-8c800000 rw-p 00000000 00:00 0 
8c800000-8d300000 ---p 00000000 00:00 0 
8d300000-8d400000 rw-p 00000000 00:00 0 
8d400000-ffd00000 ---p 00000000 00:00 0 
ffd00000-100040000 rw-p 00000000 00:00 0 
100040000-1000c0000 rw-p 00000000 00:00 0 
1000c0000-100140000 rw-p 00000000 00:00 0 
100140000-100170000 rw-p 00000000 00:00 0 
100170000-100180000 ---p 00000000 00:00 0 
100180000-100480000 rw-p 00000000 00:00 0 
100480000-140000000 ---p 00000000 00:00 0 
55e8f60bf000-55e8f60c0000 r--p 00000000 00:26 2104                       /home/rohit/Android/android-studio/jbr/bin/java
55e8f60c0000-55e8f60c1000 r-xp 00000000 00:26 2104                       /home/rohit/Android/android-studio/jbr/bin/java
55e8f60c1000-55e8f60c3000 r--p 00000000 00:26 2104                       /home/rohit/Android/android-studio/jbr/bin/java
55e8f60c3000-55e8f60c4000 rw-p 00001000 00:26 2104                       /home/rohit/Android/android-studio/jbr/bin/java
55e92510c000-55e925152000 rw-p 00000000 00:00 0                          [heap]
7f3578000000-7f3578021000 rw-p 00000000 00:00 0 
7f3578021000-7f357c000000 ---p 00000000 00:00 0 
7f357c000000-7f357cd71000 rw-p 00000000 00:00 0 
7f357cd71000-7f3580000000 ---p 00000000 00:00 0 
7f3580000000-7f35800a2000 rw-p 00000000 00:00 0 
7f35800a2000-7f3584000000 ---p 00000000 00:00 0 
7f3584000000-7f3584021000 rw-p 00000000 00:00 0 
7f3584021000-7f3588000000 ---p 00000000 00:00 0 
7f3588000000-7f3588021000 rw-p 00000000 00:00 0 
7f3588021000-7f358c000000 ---p 00000000 00:00 0 
7f358c000000-7f358c021000 rw-p 00000000 00:00 0 
7f358c021000-7f3590000000 ---p 00000000 00:00 0 
7f3590000000-7f3590887000 rw-p 00000000 00:00 0 
7f3590887000-7f3594000000 ---p 00000000 00:00 0 
7f3594000000-7f35945c6000 rw-p 00000000 00:00 0 
7f35945c6000-7f3598000000 ---p 00000000 00:00 0 
7f3598000000-7f3598021000 rw-p 00000000 00:00 0 
7f3598021000-7f359c000000 ---p 00000000 00:00 0 
7f359c000000-7f359c021000 rw-p 00000000 00:00 0 
7f359c021000-7f35a0000000 ---p 00000000 00:00 0 
7f35a0000000-7f35a0021000 rw-p 00000000 00:00 0 
7f35a0021000-7f35a4000000 ---p 00000000 00:00 0 
7f35a4000000-7f35a4021000 rw-p 00000000 00:00 0 
7f35a4021000-7f35a8000000 ---p 00000000 00:00 0 
7f35a8000000-7f35a8021000 rw-p 00000000 00:00 0 
7f35a8021000-7f35ac000000 ---p 00000000 00:00 0 
7f35ae200000-7f35bbf97000 r--p 00000000 00:26 333912                     /usr/lib/locale/locale-archive
7f35bc000000-7f35bc500000 rw-p 00000000 00:00 0 
7f35bc500000-7f35bc580000 rw-p 00000000 00:00 0 
7f35bc580000-7f35bc700000 rw-p 00000000 00:00 0 
7f35bc700000-7f35bc800000 rw-p 00000000 00:00 0 
7f35bc800000-7f35bc900000 rw-p 00000000 00:00 0 
7f35bc900000-7f35bca00000 rw-p 00000000 00:00 0 
7f35bca00000-7f35bcf00000 rw-p 00000000 00:00 0 
7f35bcf00000-7f35bd000000 rw-p 00000000 00:00 0 
7f35bd000000-7f35bd780000 rw-p 00000000 00:00 0 
7f35bd780000-7f35bd7c0000 rw-p 00000000 00:00 0 
7f35bd7c0000-7f35bd800000 ---p 00000000 00:00 0 
7f35bd800000-7f35bdf90000 rw-p 00000000 00:00 0 
7f35bdf90000-7f35c0000000 ---p 00000000 00:00 0 
7f35c0000000-7f35c0021000 rw-p 00000000 00:00 0 
7f35c0021000-7f35c4000000 ---p 00000000 00:00 0 
7f35c4000000-7f35c4021000 rw-p 00000000 00:00 0 
7f35c4021000-7f35c8000000 ---p 00000000 00:00 0 
7f35c8000000-7f35c8021000 rw-p 00000000 00:00 0 
7f35c8021000-7f35cc000000 ---p 00000000 00:00 0 
7f35cc000000-7f35cc021000 rw-p 00000000 00:00 0 
7f35cc021000-7f35d0000000 ---p 00000000 00:00 0 
7f35d0000000-7f35d0021000 rw-p 00000000 00:00 0 
7f35d0021000-7f35d4000000 ---p 00000000 00:00 0 
7f35d4000000-7f35d41eb000 rw-p 00000000 00:00 0 
7f35d41eb000-7f35d8000000 ---p 00000000 00:00 0 
7f35d8000000-7f35d8021000 rw-p 00000000 00:00 0 
7f35d8021000-7f35dc000000 ---p 00000000 00:00 0 
7f35dc64e000-7f35dc8d4000 rw-p 00000000 00:00 0 
7f35dc8d4000-7f35dca63000 r--s 00000000 00:26 3640413                    /home/rohit/.gradle/caches/8.9/transforms/a0d7a4a6378d34546e44d15cd27ac6e6/transformed/core-2.0.3-api.jar
7f35dca63000-7f35dcc00000 r--s 00000000 00:26 1768599                    /home/rohit/.gradle/caches/modules-2/files-2.1/org.jetbrains.kotlin/kotlin-stdlib/2.1.10/d3028429e7151d7a7c1a0d63a4f60eac86a87b91/kotlin-stdlib-2.1.10.jar
7f35dcc00000-7f35dcf2b000 r--s 00000000 00:26 3634596                    /home/rohit/.gradle/caches/8.9/transforms/4e7542e6cf08720b46cc6ccf469b7617/transformed/runtime-release-api.jar
7f35dcf94000-7f35dd0fd000 r--s 00000000 00:26 121868                     /home/rohit/.gradle/caches/modules-2/files-2.1/org.jetbrains.kotlinx/kotlinx-coroutines-core-jvm/1.10.1/fe066928754beda3d59c8282e04289546465a360/kotlinx-coroutines-core-jvm-1.10.1.jar
7f35dd0fd000-7f35dd0fe000 ---p 00000000 00:00 0 
7f35dd0fe000-7f35dd1fe000 rw-p 00000000 00:00 0 
7f35dd1fe000-7f35dd1ff000 ---p 00000000 00:00 0 
7f35dd1ff000-7f35dd2ff000 rw-p 00000000 00:00 0 
7f35dd2ff000-7f35dd300000 ---p 00000000 00:00 0 
7f35dd300000-7f35dd400000 rw-p 00000000 00:00 0 
7f35dd400000-7f35dd403000 r-xp 00000000 00:32 531                        /tmp/jansi-2.4.0-9113fcf77dd7b8fe-libjansi.so
7f35dd403000-7f35dd602000 ---p 00003000 00:32 531                        /tmp/jansi-2.4.0-9113fcf77dd7b8fe-libjansi.so
7f35dd602000-7f35dd603000 rw-p 00002000 00:32 531                        /tmp/jansi-2.4.0-9113fcf77dd7b8fe-libjansi.so
7f35dd63f000-7f35dd700000 r--s 00000000 00:26 121757                     /home/rohit/.gradle/caches/modules-2/files-2.1/androidx.collection/collection-jvm/1.4.4/da13a7e557c430276b8cb490420effebc1398c0d/collection-jvm-1.4.4.jar
7f35dd700000-7f35dd704000 ---p 00000000 00:00 0 
7f35dd704000-7f35dd800000 rw-p 00000000 00:00 0 
7f35dd800000-7f35dd804000 ---p 00000000 00:00 0 
7f35dd804000-7f35dd900000 rw-p 00000000 00:00 0 
7f35dd900000-7f35dd904000 ---p 00000000 00:00 0 
7f35dd904000-7f35dda00000 rw-p 00000000 00:00 0 
7f35dda00000-7f35dda04000 ---p 00000000 00:00 0 
7f35dda04000-7f35ddb00000 rw-p 00000000 00:00 0 
7f35ddb00000-7f35ddb04000 ---p 00000000 00:00 0 
7f35ddb04000-7f35ddc00000 rw-p 00000000 00:00 0 
7f35ddc00000-7f35ddc04000 ---p 00000000 00:00 0 
7f35ddc04000-7f35ddd00000 rw-p 00000000 00:00 0 
7f35ddd00000-7f35ddd04000 ---p 00000000 00:00 0 
7f35ddd04000-7f35dde00000 rw-p 00000000 00:00 0 
7f35dde00000-7f35dfe00000 rw-p 00000000 00:00 0 
7f35dfe60000-7f35dfe64000 ---p 00000000 00:00 0 
7f35dfe64000-7f35dff60000 rw-p 00000000 00:00 0 
7f35dff60000-7f35e0040000 rw-p 00000000 00:00 0 
7f35e0040000-7f35e0118000 ---p 00000000 00:00 0 
7f35e0118000-7f35e0120000 rw-p 00000000 00:00 0 
7f35e0120000-7f35e014c000 ---p 00000000 00:00 0 
7f35e014c000-7f35e0150000 rw-p 00000000 00:00 0 
7f35e0150000-7f35e1df4000 ---p 00000000 00:00 0 
7f35e1df4000-7f35e1e00000 rw-p 00000000 00:00 0 
7f35e1e00000-7f35e2150000 rwxp 00000000 00:00 0 
7f35e2150000-7f35e9337000 ---p 00000000 00:00 0 
7f35e9337000-7f35e95a7000 rwxp 00000000 00:00 0 
7f35e95a7000-7f35e98c8000 ---p 00000000 00:00 0 
7f35e98c8000-7f35e9b38000 rwxp 00000000 00:00 0 
7f35e9b38000-7f35f0e00000 ---p 00000000 00:00 0 
7f35f0e00000-7f35f3f4c000 r--s 00000000 00:26 1823                       /home/rohit/Android/android-studio/jbr/lib/modules
7f35f3f82000-7f35f4000000 r--s 00000000 00:26 3640387                    /home/rohit/.gradle/caches/8.9/transforms/77827d0d7223d7d8a6663cd09a4879dd/transformed/compose-2.0.3-api.jar
7f35f4000000-7f35f573f000 rw-p 00000000 00:00 0 
7f35f573f000-7f35f8000000 ---p 00000000 00:00 0 
7f35f8048000-7f35f8057000 r--s 00000000 00:26 117258                     /home/rohit/.gradle/caches/modules-2/files-2.1/androidx.annotation/annotation-jvm/1.9.1/b17951747e38bf3986a24431b9ba0d039958aa5f/annotation-jvm-1.9.1.jar
7f35f8057000-7f35f805a000 r--s 00000000 00:26 3634595                    /home/rohit/.gradle/caches/8.9/transforms/dc6becb36a7a55b94ce7437032b7ab6d/transformed/annotation-experimental-1.4.1-api.jar
7f35f805a000-7f35f8078000 r--s 00000000 00:26 3634597                    /home/rohit/.gradle/caches/8.9/transforms/9e2c46b235601a9bb1ee0657ab65135a/transformed/runtime-saveable-release-api.jar
7f35f8078000-7f35f807e000 r--p 00000000 00:26 1814                       /home/rohit/Android/android-studio/jbr/lib/libverify.so
7f35f807e000-7f35f8086000 r-xp 00005000 00:26 1814                       /home/rohit/Android/android-studio/jbr/lib/libverify.so
7f35f8086000-7f35f8088000 r--p 0000c000 00:26 1814                       /home/rohit/Android/android-studio/jbr/lib/libverify.so
7f35f8088000-7f35f8089000 rw-p 0000d000 00:26 1814                       /home/rohit/Android/android-studio/jbr/lib/libverify.so
7f35f8089000-7f35f808d000 r--p 00000000 00:26 1815                       /home/rohit/Android/android-studio/jbr/lib/libnet.so
7f35f808d000-7f35f8095000 r-xp 00003000 00:26 1815                       /home/rohit/Android/android-studio/jbr/lib/libnet.so
7f35f8095000-7f35f8096000 r--p 0000a000 00:26 1815                       /home/rohit/Android/android-studio/jbr/lib/libnet.so
7f35f8096000-7f35f8097000 rw-p 0000a000 00:26 1815                       /home/rohit/Android/android-studio/jbr/lib/libnet.so
7f35f8097000-7f35f80a2000 r--p 00000000 00:26 1727                       /home/rohit/Android/android-studio/jbr/lib/libnio.so
7f35f80a2000-7f35f80ab000 r-xp 0000a000 00:26 1727                       /home/rohit/Android/android-studio/jbr/lib/libnio.so
7f35f80ab000-7f35f80ac000 r--p 00012000 00:26 1727                       /home/rohit/Android/android-studio/jbr/lib/libnio.so
7f35f80ac000-7f35f80ad000 rw-p 00012000 00:26 1727                       /home/rohit/Android/android-studio/jbr/lib/libnio.so
7f35f80ad000-7f35f80b1000 ---p 00000000 00:00 0 
7f35f80b1000-7f35f81ad000 rw-p 00000000 00:00 0 
7f35f81ad000-7f35f81b1000 ---p 00000000 00:00 0 
7f35f81b1000-7f35f82ad000 rw-p 00000000 00:00 0 
7f35f82ad000-7f35f82ae000 ---p 00000000 00:00 0 
7f35f82ae000-7f35f83ae000 rw-p 00000000 00:00 0 
7f35f83ae000-7f35f83b7000 r--p 00000000 00:26 1820                       /home/rohit/Android/android-studio/jbr/lib/libzip.so
7f35f83b7000-7f35f83cc000 r-xp 00008000 00:26 1820                       /home/rohit/Android/android-studio/jbr/lib/libzip.so
7f35f83cc000-7f35f83cd000 r--p 0001c000 00:26 1820                       /home/rohit/Android/android-studio/jbr/lib/libzip.so
7f35f83cd000-7f35f83ce000 rw-p 0001c000 00:26 1820                       /home/rohit/Android/android-studio/jbr/lib/libzip.so
7f35f83ce000-7f35f83cf000 ---p 00000000 00:00 0 
7f35f83cf000-7f35f84cf000 rw-p 00000000 00:00 0 
7f35f85e2000-7f35f85e9000 r--s 00000000 00:26 146412                     /usr/lib64/gconv/gconv-modules.cache
7f35f85e9000-7f35f8706000 rw-p 00000000 00:00 0 
7f35f8706000-7f35f8707000 ---p 00000000 00:00 0 
7f35f8707000-7f35f8807000 rw-p 00000000 00:00 0 
7f35f8807000-7f35f8808000 ---p 00000000 00:00 0 
7f35f8808000-7f35f8908000 rw-p 00000000 00:00 0 
7f35f8908000-7f35f8d0c000 rw-p 00000000 00:00 0 
7f35f8d0c000-7f35f8d0d000 ---p 00000000 00:00 0 
7f35f8d0d000-7f35f8e0d000 rw-p 00000000 00:00 0 
7f35f8e0d000-7f35f8e0e000 ---p 00000000 00:00 0 
7f35f8e0e000-7f35f8f0e000 rw-p 00000000 00:00 0 
7f35f8f0e000-7f35f8f0f000 ---p 00000000 00:00 0 
7f35f8f0f000-7f35f900f000 rw-p 00000000 00:00 0 
7f35f900f000-7f35f906d000 rw-p 00000000 00:00 0 
7f35f906d000-7f35f9088000 ---p 00000000 00:00 0 
7f35f9088000-7f35f9089000 rw-p 00000000 00:00 0 
7f35f9089000-7f35f908e000 ---p 00000000 00:00 0 
7f35f908e000-7f35f908f000 rw-p 00000000 00:00 0 
7f35f908f000-7f35f9423000 ---p 00000000 00:00 0 
7f35f9423000-7f35f9441000 rw-p 00000000 00:00 0 
7f35f9441000-7f35f945c000 ---p 00000000 00:00 0 
7f35f945c000-7f35f945d000 rw-p 00000000 00:00 0 
7f35f945d000-7f35f9462000 ---p 00000000 00:00 0 
7f35f9462000-7f35f9463000 rw-p 00000000 00:00 0 
7f35f9463000-7f35f97f7000 ---p 00000000 00:00 0 
7f35f97f7000-7f35f9c02000 rw-p 00000000 00:00 0 
7f35f9c02000-7f35f9ce8000 ---p 00000000 00:00 0 
7f35f9ce8000-7f35f9cef000 rw-p 00000000 00:00 0 
7f35f9cef000-7f35f9dd3000 ---p 00000000 00:00 0 
7f35f9dd3000-7f35f9de4000 r--p 00000000 00:26 1738                       /home/rohit/Android/android-studio/jbr/lib/libjava.so
7f35f9de4000-7f35f9df3000 r-xp 00010000 00:26 1738                       /home/rohit/Android/android-studio/jbr/lib/libjava.so
7f35f9df3000-7f35f9df5000 r--p 0001e000 00:26 1738                       /home/rohit/Android/android-studio/jbr/lib/libjava.so
7f35f9df5000-7f35f9df7000 rw-p 0001f000 00:26 1738                       /home/rohit/Android/android-studio/jbr/lib/libjava.so
7f35f9df7000-7f35f9e02000 r--p 00000000 00:26 1827                       /home/rohit/Android/android-studio/jbr/lib/libjimage.so
7f35f9e02000-7f35f9e16000 r-xp 0000a000 00:26 1827                       /home/rohit/Android/android-studio/jbr/lib/libjimage.so
7f35f9e16000-7f35f9e18000 r--p 0001d000 00:26 1827                       /home/rohit/Android/android-studio/jbr/lib/libjimage.so
7f35f9e18000-7f35f9e19000 rw-p 0001e000 00:26 1827                       /home/rohit/Android/android-studio/jbr/lib/libjimage.so
7f35f9e19000-7f35f9e1a000 rw-p 00000000 00:00 0 
7f35f9e1a000-7f35f9e1e000 ---p 00000000 00:00 0 
7f35f9e1e000-7f35f9f1a000 rw-p 00000000 00:00 0 
7f35f9f1a000-7f35f9f1b000 r--p 00000000 00:26 142762                     /usr/lib64/libm.so.6
7f35f9f1b000-7f35f9f94000 r-xp 00001000 00:26 142762                     /usr/lib64/libm.so.6
7f35f9f94000-7f35f9ffe000 r--p 0007a000 00:26 142762                     /usr/lib64/libm.so.6
7f35f9ffe000-7f35f9fff000 r--p 000e3000 00:26 142762                     /usr/lib64/libm.so.6
7f35f9fff000-7f35fa000000 rw-p 000e4000 00:26 142762                     /usr/lib64/libm.so.6
7f35fa000000-7f35fa54c000 r--p 00000000 00:26 1794                       /home/rohit/Android/android-studio/jbr/lib/server/libjvm.so
7f35fa54c000-7f35fb0ce000 r-xp 0054b000 00:26 1794                       /home/rohit/Android/android-studio/jbr/lib/server/libjvm.so
7f35fb0ce000-7f35fb197000 r--p 010cc000 00:26 1794                       /home/rohit/Android/android-studio/jbr/lib/server/libjvm.so
7f35fb197000-7f35fb1ba000 rw-p 01194000 00:26 1794                       /home/rohit/Android/android-studio/jbr/lib/server/libjvm.so
7f35fb1ba000-7f35fb231000 rw-p 00000000 00:00 0 
7f35fb231000-7f35fb23b000 r--s 00000000 00:26 3634609                    /home/rohit/.gradle/caches/8.9/transforms/1726c40e4c3063f516b438642ad6985c/transformed/savedstate-1.2.1-api.jar
7f35fb23b000-7f35fb240000 rw-p 00000000 00:00 0 
7f35fb240000-7f35fb247000 ---p 00000000 00:00 0 
7f35fb247000-7f35fb248000 r--p 00000000 00:26 142770                     /usr/lib64/librt.so.1
7f35fb248000-7f35fb249000 r-xp 00001000 00:26 142770                     /usr/lib64/librt.so.1
7f35fb249000-7f35fb24a000 r--p 00002000 00:26 142770                     /usr/lib64/librt.so.1
7f35fb24a000-7f35fb24b000 r--p 00002000 00:26 142770                     /usr/lib64/librt.so.1
7f35fb24b000-7f35fb24e000 rw-p 00000000 00:00 0 
7f35fb24e000-7f35fb24f000 r--p 00000000 00:26 142760                     /usr/lib64/libc.so.6
7f35fb24f000-7f35fb3be000 r-xp 00001000 00:26 142760                     /usr/lib64/libc.so.6
7f35fb3be000-7f35fb433000 r--p 00170000 00:26 142760                     /usr/lib64/libc.so.6
7f35fb433000-7f35fb437000 r--p 001e5000 00:26 142760                     /usr/lib64/libc.so.6
7f35fb437000-7f35fb439000 rw-p 001e9000 00:26 142760                     /usr/lib64/libc.so.6
7f35fb439000-7f35fb441000 rw-p 00000000 00:00 0 
7f35fb441000-7f35fb442000 r--p 00000000 00:26 142761                     /usr/lib64/libdl.so.2
7f35fb442000-7f35fb443000 r-xp 00001000 00:26 142761                     /usr/lib64/libdl.so.2
7f35fb443000-7f35fb444000 r--p 00002000 00:26 142761                     /usr/lib64/libdl.so.2
7f35fb444000-7f35fb445000 r--p 00002000 00:26 142761                     /usr/lib64/libdl.so.2
7f35fb445000-7f35fb446000 rw-p 00000000 00:00 0 
7f35fb446000-7f35fb447000 r--p 00000000 00:26 142768                     /usr/lib64/libpthread.so.0
7f35fb447000-7f35fb448000 r-xp 00001000 00:26 142768                     /usr/lib64/libpthread.so.0
7f35fb448000-7f35fb449000 r--p 00002000 00:26 142768                     /usr/lib64/libpthread.so.0
7f35fb449000-7f35fb44a000 r--p 00002000 00:26 142768                     /usr/lib64/libpthread.so.0
7f35fb44a000-7f35fb44b000 rw-p 00000000 00:00 0 
7f35fb44f000-7f35fb454000 r--s 00000000 00:26 121870                     /home/rohit/.gradle/caches/modules-2/files-2.1/org.jetbrains.kotlinx/kotlinx-coroutines-android/1.10.1/864006e2e42ed4d76150651c635d038a060c20a2/kotlinx-coroutines-android-1.10.1.jar
7f35fb454000-7f35fb45c000 rw-s 00000000 00:32 529                        /tmp/hsperfdata_rohit/13559
7f35fb45c000-7f35fb45d000 ---p 00000000 00:00 0 
7f35fb45d000-7f35fb45e000 r--p 00000000 00:00 0 
7f35fb45e000-7f35fb45f000 ---p 00000000 00:00 0 
7f35fb45f000-7f35fb468000 r--p 00000000 00:26 1830                       /home/rohit/Android/android-studio/jbr/lib/libjli.so
7f35fb468000-7f35fb477000 r-xp 00008000 00:26 1830                       /home/rohit/Android/android-studio/jbr/lib/libjli.so
7f35fb477000-7f35fb478000 r--p 00016000 00:26 1830                       /home/rohit/Android/android-studio/jbr/lib/libjli.so
7f35fb478000-7f35fb479000 rw-p 00016000 00:26 1830                       /home/rohit/Android/android-studio/jbr/lib/libjli.so
7f35fb479000-7f35fb47b000 rw-p 00000000 00:00 0 
7f35fb47b000-7f35fb47d000 r--p 00000000 00:00 0                          [vvar]
7f35fb47d000-7f35fb47f000 r--p 00000000 00:00 0                          [vvar_vclock]
7f35fb47f000-7f35fb481000 r-xp 00000000 00:00 0                          [vdso]
7f35fb481000-7f35fb482000 r--p 00000000 00:26 142757                     /usr/lib64/ld-linux-x86-64.so.2
7f35fb482000-7f35fb4ab000 r-xp 00001000 00:26 142757                     /usr/lib64/ld-linux-x86-64.so.2
7f35fb4ab000-7f35fb4b6000 r--p 0002a000 00:26 142757                     /usr/lib64/ld-linux-x86-64.so.2
7f35fb4b6000-7f35fb4b8000 r--p 00035000 00:26 142757                     /usr/lib64/ld-linux-x86-64.so.2
7f35fb4b8000-7f35fb4ba000 rw-p 00037000 00:26 142757                     /usr/lib64/ld-linux-x86-64.so.2
7fff893d3000-7fff893f4000 rw-p 00000000 00:00 0                          [stack]
ffffffffff600000-ffffffffff601000 --xp 00000000 00:00 0                  [vsyscall]
Total number of mappings: 242


VM Arguments:
jvm_args: -Dawt.toolkit.name=XToolkit 
java_command: org.jetbrains.kotlin.cli.jvm.K2JVMCompiler @/home/rohit/AndroidStudioProjects/TaskManager/app/build/20250314_571827514689526179.compiler.options
java_class_path (initial): /home/rohit/.gradle/caches/modules-2/files-2.1/org.jetbrains.kotlin/kotlin-compiler-embeddable/2.1.10/ee3e5c806617c52ce167bdf96933efef9593853e/kotlin-compiler-embeddable-2.1.10.jar:/home/rohit/.gradle/caches/modules-2/files-2.1/org.jetbrains.kotlin/kotlin-stdlib/2.1.10/d3028429e7151d7a7c1a0d63a4f60eac86a87b91/kotlin-stdlib-2.1.10.jar:/home/rohit/.gradle/caches/modules-2/files-2.1/org.jetbrains.kotlin/kotlin-script-runtime/2.1.10/70000e6ef453308e55d42ea4ace5b8c32325ce75/kotlin-script-runtime-2.1.10.jar:/home/rohit/.gradle/caches/modules-2/files-2.1/org.jetbrains.kotlin/kotlin-reflect/1.6.10/1cbe9c92c12a94eea200d23c2bbaedaf3daf5132/kotlin-reflect-1.6.10.jar:/home/rohit/.gradle/caches/modules-2/files-2.1/org.jetbrains.kotlin/kotlin-daemon-embeddable/2.1.10/58b88d47cdc057f09a8ea603ece5fd1993c7cb64/kotlin-daemon-embeddable-2.1.10.jar:/home/rohit/.gradle/caches/modules-2/files-2.1/org.jetbrains.intellij.deps/trove4j/1.0.20200330/3afb14d5f9ceb459d724e907a21145e8ff394f02/trove4j-1.0.20200330.jar:/home/rohit/.gradle/caches/modules-2/files-2.1/org.jetbrains.kotlinx/kotlinx-coroutines-core-jvm/1.6.4/2c997cd1c0ef33f3e751d3831929aeff1390cb30/kotlinx-coroutines-core-jvm-1.6.4.jar:/home/rohit/.gradle/caches/modules-2/files-2.1/org.jetbrains/annotations/13.0/919f0dfe192fb4e063e7dacadee7f8bb9a2672a9/annotations-13.0.jar
Launcher Type: SUN_STANDARD

[Global flags]
     intx CICompilerCount                          = 3                                         {product} {ergonomic}
     uint ConcGCThreads                            = 1                                         {product} {ergonomic}
     uint G1ConcRefinementThreads                  = 4                                         {product} {ergonomic}
   size_t G1HeapRegionSize                         = 1048576                                   {product} {ergonomic}
    uintx GCDrainStackTargetSize                   = 64                                        {product} {ergonomic}
   size_t InitialHeapSize                          = 130023424                                 {product} {ergonomic}
   size_t MarkStackSize                            = 4194304                                   {product} {ergonomic}
   size_t MaxHeapSize                              = 2055208960                                {product} {ergonomic}
   size_t MaxNewSize                               = 1233125376                                {product} {ergonomic}
   size_t MinHeapDeltaBytes                        = 1048576                                   {product} {ergonomic}
   size_t MinHeapSize                              = 8388608                                   {product} {ergonomic}
    uintx NonNMethodCodeHeapSize                   = 5832780                                {pd product} {ergonomic}
    uintx NonProfiledCodeHeapSize                  = 122912730                              {pd product} {ergonomic}
    uintx ProfiledCodeHeapSize                     = 122912730                              {pd product} {ergonomic}
    uintx ReservedCodeCacheSize                    = 251658240                              {pd product} {ergonomic}
     bool SegmentedCodeCache                       = true                                      {product} {ergonomic}
   size_t SoftMaxHeapSize                          = 2055208960                             {manageable} {ergonomic}
     bool UseCompressedOops                        = true                           {product lp64_product} {ergonomic}
     bool UseG1GC                                  = true                                      {product} {ergonomic}

Logging:
Log output configuration:
 #0: stdout all=warning uptime,level,tags foldmultilines=false
 #1: stderr all=off uptime,level,tags foldmultilines=false

Environment Variables:
JAVA_HOME=/home/rohit/Android/android-studio/jbr
PATH=/home/rohit/.cargo/bin:/home/rohit/.wasmer/bin:/home/rohit/.local/bin:/home/rohit/bin:/usr/local/bin:/usr/local/sbin:/usr/bin:/usr/sbin:/home/rohit/Android/android-studio/bin:/home/rohit/Programs/node/bin:/home/rohit/Android/android-studio/jbr/bin/:/bin:/usr/bin
USERNAME=rohit
SHELL=/bin/bash
DISPLAY=:0
LANG=en_US.UTF-8

Active Locale:
LC_ALL=en_US.UTF-8
LC_COLLATE=en_US.UTF-8
LC_CTYPE=en_US.UTF-8
LC_MESSAGES=en_US.UTF-8
LC_MONETARY=en_US.UTF-8
LC_NUMERIC=en_US.UTF-8
LC_TIME=en_US.UTF-8

Signal Handlers:
   SIGSEGV: crash_handler in libjvm.so, mask=11100100010111111101111111111110, flags=SA_RESTART|SA_SIGINFO, unblocked
    SIGBUS: crash_handler in libjvm.so, mask=11100100010111111101111111111110, flags=SA_RESTART|SA_SIGINFO, unblocked
    SIGFPE: crash_handler in libjvm.so, mask=11100100010111111101111111111110, flags=SA_RESTART|SA_SIGINFO, unblocked
   SIGPIPE: javaSignalHandler in libjvm.so, mask=11100100010111111101111111111110, flags=SA_RESTART|SA_SIGINFO, blocked
   SIGXFSZ: javaSignalHandler in libjvm.so, mask=11100100010111111101111111111110, flags=SA_RESTART|SA_SIGINFO, blocked
    SIGILL: crash_handler in libjvm.so, mask=11100100010111111101111111111110, flags=SA_RESTART|SA_SIGINFO, unblocked
   SIGUSR2: SR_handler in libjvm.so, mask=00000000000000000000000000000000, flags=SA_RESTART|SA_SIGINFO, blocked
    SIGHUP: UserHandler in libjvm.so, mask=11100100010111111101111111111110, flags=SA_RESTART|SA_SIGINFO, blocked
    SIGINT: UserHandler in libjvm.so, mask=11100100010111111101111111111110, flags=SA_RESTART|SA_SIGINFO, blocked
   SIGTERM: UserHandler in libjvm.so, mask=11100100010111111101111111111110, flags=SA_RESTART|SA_SIGINFO, blocked
   SIGQUIT: UserHandler in libjvm.so, mask=11100100010111111101111111111110, flags=SA_RESTART|SA_SIGINFO, blocked
   SIGTRAP: crash_handler in libjvm.so, mask=11100100010111111101111111111110, flags=SA_RESTART|SA_SIGINFO, unblocked


Periodic native trim disabled

JNI global refs:
JNI global refs: 8, weak refs: 0

JNI global refs memory usage: 859, weak refs: 857

Process memory usage:
Resident Set Size: 190324K (2% of 8025040K total physical memory with 2716224K free physical memory)

OOME stack traces (most recent first):
Classloader memory used:
Loader jdk.internal.loader.ClassLoaders$AppClassLoader                                 : 25996K
Loader bootstrap                                                                       : 10128K
Loader java.net.URLClassLoader                                                         : 227K

---------------  S Y S T E M  ---------------

OS:
Fedora release 41 (Forty One)
uname: Linux 6.13.4-200.fc41.x86_64 #1 SMP PREEMPT_DYNAMIC Sat Feb 22 16:09:10 UTC 2025 x86_64
OS uptime: 0 days 1:33 hours
libc: glibc 2.40 NPTL 2.40 
rlimit (soft/hard): STACK 8192k/infinity , CORE infinity/infinity , NPROC 31188/31188 , NOFILE 524288/524288 , AS infinity/infinity , CPU infinity/infinity , DATA infinity/infinity , FSIZE infinity/infinity , MEMLOCK 8192k/8192k
load average: 3.94 3.51 3.16

/proc/meminfo:
MemTotal:        8025040 kB
MemFree:          470740 kB
MemAvailable:    2713264 kB
Buffers:             316 kB
Cached:          2361156 kB
SwapCached:        13512 kB
Active:          2213824 kB
Inactive:        2193224 kB
Active(anon):    1249172 kB
Inactive(anon):  1039980 kB
Active(file):     964652 kB
Inactive(file):  1153244 kB
Unevictable:       84652 kB
Mlocked:            3116 kB
SwapTotal:       8024060 kB
SwapFree:        2610184 kB
Zswap:                 0 kB
Zswapped:              0 kB
Dirty:            151080 kB
Writeback:             0 kB
AnonPages:       2127604 kB
Mapped:           260404 kB
Shmem:            241552 kB
KReclaimable:     478376 kB
Slab:             749796 kB
SReclaimable:     478376 kB
SUnreclaim:       271420 kB
KernelStack:       35776 kB
PageTables:        91548 kB
SecPageTables:      2056 kB
NFS_Unstable:          0 kB
Bounce:                0 kB
WritebackTmp:          0 kB
CommitLimit:    12036580 kB
Committed_AS:   41510244 kB
VmallocTotal:   34359738367 kB
VmallocUsed:      107608 kB
VmallocChunk:          0 kB
Percpu:             5088 kB
EarlyMemtestBad:       4 kB
HardwareCorrupted:     0 kB
AnonHugePages:         0 kB
ShmemHugePages:        0 kB
ShmemPmdMapped:        0 kB
FileHugePages:         0 kB
FilePmdMapped:         0 kB
CmaTotal:              0 kB
CmaFree:               0 kB
Unaccepted:            0 kB
HugePages_Total:       0
HugePages_Free:        0
HugePages_Rsvd:        0
HugePages_Surp:        0
Hugepagesize:       2048 kB
Hugetlb:               0 kB
DirectMap4k:      362880 kB
DirectMap2M:     7929856 kB
DirectMap1G:           0 kB

/sys/kernel/mm/transparent_hugepage/enabled: always [madvise] never
/sys/kernel/mm/transparent_hugepage/hpage_pmd_size: 2097152
/sys/kernel/mm/transparent_hugepage/defrag (defrag/compaction efforts parameter): always defer defer+madvise [madvise] never

Process Memory:
Virtual Size: 5162836K (peak: 5254880K)
Resident Set Size: 190580K (peak: 190580K) (anon: 164616K, file: 25964K, shmem: 0K)
Swapped out: 0K
C-Heap outstanding allocations: 58335K, retained: 10936K
glibc malloc tunables: (default)

/proc/sys/kernel/threads-max (system-wide limit on the number of threads): 62377
/proc/sys/vm/max_map_count (maximum number of memory map areas a process may have): 1048576
/proc/sys/kernel/pid_max (system-wide limit on number of process identifiers): 4194304

container information not found.
Steal ticks since vm start: 0
Steal ticks percentage since vm start:  0.000

CPU: total 4 (initial active 4) (2 cores per cpu, 2 threads per core) family 6 model 78 stepping 3 microcode 0xf0, cx8, cmov, fxsr, ht, mmx, 3dnowpref, sse, sse2, sse3, ssse3, sse4.1, sse4.2, popcnt, lzcnt, tsc, tscinvbit, avx, avx2, aes, erms, clmul, bmi1, bmi2, adx, fma, vzeroupper, clflush, clflushopt, rdtscp, f16c
CPU Model and flags from /proc/cpuinfo:
model name	: Intel(R) Core(TM) i3-6006U CPU @ 2.00GHz
flags		: fpu vme de pse tsc msr pae mce cx8 apic sep mtrr pge mca cmov pat pse36 clflush dts acpi mmx fxsr sse sse2 ss ht tm pbe syscall nx pdpe1gb rdtscp lm constant_tsc art arch_perfmon pebs bts rep_good nopl xtopology nonstop_tsc cpuid aperfmperf pni pclmulqdq dtes64 monitor ds_cpl vmx est tm2 ssse3 sdbg fma cx16 xtpr pdcm pcid sse4_1 sse4_2 x2apic movbe popcnt tsc_deadline_timer aes xsave avx f16c rdrand lahf_lm abm 3dnowprefetch cpuid_fault pti ssbd ibrs ibpb stibp tpr_shadow flexpriority ept vpid ept_ad fsgsbase tsc_adjust bmi1 avx2 smep bmi2 erms invpcid mpx rdseed adx smap clflushopt intel_pt xsaveopt xsavec xgetbv1 xsaves dtherm arat pln pts hwp hwp_notify hwp_act_window hwp_epp vnmi md_clear flush_l1d arch_capabilities

Online cpus: 0-3
Offline cpus: 
BIOS frequency limitation: <Not Available>
Frequency switch latency (ns): 0
Available cpu frequencies: <Not Available>
Current governor: performance
Core performance/turbo boost: <Not Available>

Memory: 4k page, physical 8025040k(2713264k free), swap 8024060k(2610184k free)
Page Sizes: 4k

vm_info: OpenJDK 64-Bit Server VM (21.0.3+-12282718-b509.11) for linux-amd64 JRE (21.0.3+-12282718-b509.11), built on 2024-08-27T17:26:43Z by "builder" with clang Android (12085363, +pgo, +bolt, +lto, +mlgo, based on r530567) Clang 19.0.0 (https://android.googlesource.com/toolchain/llvm-project 97a699bf4812a18fb657c2779f5296a4ab2694d2)

END.
